<?xml version="1.0" encoding="UTF-8"?>
<!-- Generated by org.testng.reporters.JUnitReportReporter -->
<testsuite skipped="0" hostname="Sudhanshu" name="com.todo.script.Home" tests="1" failures="0" timestamp="03 Jul 2017 07:55:38 GMT" time="73.894" errors="0">
  <testcase name="landingPage" time="73.894" classname="com.todo.script.Home"/>
</testsuite> <!-- com.todo.script.Home -->
