<?xml version="1.0" encoding="UTF-8"?>
<!-- Generated by org.testng.reporters.JUnitReportReporter -->
<testsuite skipped="0" hostname="Sudhanshu" name="com.todo.script.Task" tests="1" failures="0" timestamp="04 Jul 2017 09:28:23 GMT" time="44.908" errors="0">
  <testcase name="multipalTask" time="44.908" classname="com.todo.script.Task"/>
</testsuite> <!-- com.todo.script.Task -->
